-------------------------------------------------------------------------------
Test set: TestSuite
-------------------------------------------------------------------------------
Tests run: 20, Failures: 17, Errors: 0, Skipped: 0, Time elapsed: 0.629 sec <<< FAILURE!
Test10_Rotate_Array(testquestion1.Test_MyCollection)  Time elapsed: 0.03 sec  <<< FAILURE!
java.lang.AssertionError: expected [{-4,-5,54,95,-14,-15,4,5}] but found [question1.MyCollection@7c0e2abd]
	at org.testng.Assert.fail(Assert.java:96)
	at org.testng.Assert.failNotEquals(Assert.java:776)
	at org.testng.Assert.assertEqualsImpl(Assert.java:137)
	at org.testng.Assert.assertEquals(Assert.java:118)
	at org.testng.Assert.assertEquals(Assert.java:453)
	at org.testng.Assert.assertEquals(Assert.java:463)
	at testquestion1.Test_MyCollection.Test10_Rotate_Array(Test_MyCollection.java:94)

Test1_Able_To_Add_New_Entry_In_Collection(testquestion1.Test_MyCollection)  Time elapsed: 0 sec  <<< FAILURE!
java.lang.AssertionError: Assertion Failed : Not able to add number 5 in collection expected [true] but found [false]
	at org.testng.Assert.fail(Assert.java:96)
	at org.testng.Assert.failNotEquals(Assert.java:776)
	at org.testng.Assert.assertTrue(Assert.java:44)
	at testquestion1.Test_MyCollection.Test1_Able_To_Add_New_Entry_In_Collection(Test_MyCollection.java:16)

Test3_Get_Collection_Functionality(testquestion1.Test_MyCollection)  Time elapsed: 0.01 sec  <<< FAILURE!
java.lang.AssertionError: Assertion Failed : Not able to read collection expected [{}] but found [question1.MyCollection@56f4468b]
	at org.testng.Assert.fail(Assert.java:96)
	at org.testng.Assert.failNotEquals(Assert.java:776)
	at org.testng.Assert.assertEqualsImpl(Assert.java:137)
	at org.testng.Assert.assertEquals(Assert.java:118)
	at org.testng.Assert.assertEquals(Assert.java:453)
	at testquestion1.Test_MyCollection.Test3_Get_Collection_Functionality(Test_MyCollection.java:32)

Test4_DoubleCapacity(testquestion1.Test_MyCollection)  Time elapsed: 0 sec  <<< FAILURE!
java.lang.AssertionError: Assertion Failed : Not able to add number in collection once it get fulled expected [{4,5,-4,-5,6}] but found [question1.MyCollection@100fc185]
	at org.testng.Assert.fail(Assert.java:96)
	at org.testng.Assert.failNotEquals(Assert.java:776)
	at org.testng.Assert.assertEqualsImpl(Assert.java:137)
	at org.testng.Assert.assertEquals(Assert.java:118)
	at org.testng.Assert.assertEquals(Assert.java:453)
	at testquestion1.Test_MyCollection.Test4_DoubleCapacity(Test_MyCollection.java:41)

Test5_Remove_Functionality_If_Entry_Already_Present(testquestion1.Test_MyCollection)  Time elapsed: 0 sec  <<< FAILURE!
java.lang.AssertionError: Assetion Failed : Not Able to delete entry from collection expected [true] but found [false]
	at org.testng.Assert.fail(Assert.java:96)
	at org.testng.Assert.failNotEquals(Assert.java:776)
	at org.testng.Assert.assertTrue(Assert.java:44)
	at testquestion1.Test_MyCollection.Test5_Remove_Functionality_If_Entry_Already_Present(Test_MyCollection.java:50)

Test7_Collection_Length_Functionality(testquestion1.Test_MyCollection)  Time elapsed: 0 sec  <<< FAILURE!
java.lang.AssertionError: expected [6] but found [0]
	at org.testng.Assert.fail(Assert.java:96)
	at org.testng.Assert.failNotEquals(Assert.java:776)
	at org.testng.Assert.assertEqualsImpl(Assert.java:137)
	at org.testng.Assert.assertEquals(Assert.java:118)
	at org.testng.Assert.assertEquals(Assert.java:652)
	at org.testng.Assert.assertEquals(Assert.java:662)
	at testquestion1.Test_MyCollection.Test7_Collection_Length_Functionality(Test_MyCollection.java:67)

Test8_Search_Functionality_If_Enrty_Exists(testquestion1.Test_MyCollection)  Time elapsed: 0 sec  <<< FAILURE!
java.lang.AssertionError: expected [4] but found [0]
	at org.testng.Assert.fail(Assert.java:96)
	at org.testng.Assert.failNotEquals(Assert.java:776)
	at org.testng.Assert.assertEqualsImpl(Assert.java:137)
	at org.testng.Assert.assertEquals(Assert.java:118)
	at org.testng.Assert.assertEquals(Assert.java:652)
	at org.testng.Assert.assertEquals(Assert.java:662)
	at testquestion1.Test_MyCollection.Test8_Search_Functionality_If_Enrty_Exists(Test_MyCollection.java:76)

Test9_Search_Functionality_If_Enrty_Not_Exists(testquestion1.Test_MyCollection)  Time elapsed: 0 sec  <<< FAILURE!
java.lang.AssertionError: expected [-1] but found [0]
	at org.testng.Assert.fail(Assert.java:96)
	at org.testng.Assert.failNotEquals(Assert.java:776)
	at org.testng.Assert.assertEqualsImpl(Assert.java:137)
	at org.testng.Assert.assertEquals(Assert.java:118)
	at org.testng.Assert.assertEquals(Assert.java:652)
	at org.testng.Assert.assertEquals(Assert.java:662)
	at testquestion1.Test_MyCollection.Test9_Search_Functionality_If_Enrty_Not_Exists(Test_MyCollection.java:84)

Test10_Rotate_Array(testquestion2.Test_MyCollection)  Time elapsed: 0.02 sec  <<< FAILURE!
java.lang.NullPointerException
	at question2.MyCollection.search(MyCollection.java:30)
	at question2.MyCollection.add(MyCollection.java:50)
	at testquestion2.Test_MyCollection.Test10_Rotate_Array(Test_MyCollection.java:91)

Test1_Able_To_Add_New_Entry_In_Collection(testquestion2.Test_MyCollection)  Time elapsed: 0 sec  <<< FAILURE!
java.lang.NullPointerException
	at question2.MyCollection.search(MyCollection.java:30)
	at question2.MyCollection.add(MyCollection.java:50)
	at testquestion2.Test_MyCollection.Test1_Able_To_Add_New_Entry_In_Collection(Test_MyCollection.java:16)

Test2_Duplicate_Entry_In_Collection(testquestion2.Test_MyCollection)  Time elapsed: 0 sec  <<< FAILURE!
java.lang.NullPointerException
	at question2.MyCollection.search(MyCollection.java:30)
	at question2.MyCollection.add(MyCollection.java:50)
	at testquestion2.Test_MyCollection.Test2_Duplicate_Entry_In_Collection(Test_MyCollection.java:23)

Test3_Get_Collection_Functionality(testquestion2.Test_MyCollection)  Time elapsed: 0 sec  <<< FAILURE!
java.lang.AssertionError: Assertion Failed : Not able to read collection expected [{}] but found [question2.MyCollection@2a5ca609]
	at org.testng.Assert.fail(Assert.java:96)
	at org.testng.Assert.failNotEquals(Assert.java:776)
	at org.testng.Assert.assertEqualsImpl(Assert.java:137)
	at org.testng.Assert.assertEquals(Assert.java:118)
	at org.testng.Assert.assertEquals(Assert.java:453)
	at testquestion2.Test_MyCollection.Test3_Get_Collection_Functionality(Test_MyCollection.java:32)

Test4_DoubleCapacity(testquestion2.Test_MyCollection)  Time elapsed: 0 sec  <<< FAILURE!
java.lang.NullPointerException
	at question2.MyCollection.search(MyCollection.java:30)
	at question2.MyCollection.add(MyCollection.java:50)
	at testquestion2.Test_MyCollection.Test4_DoubleCapacity(Test_MyCollection.java:39)

Test5_Remove_Functionality_If_Entry_Already_Present(testquestion2.Test_MyCollection)  Time elapsed: 0 sec  <<< FAILURE!
java.lang.NullPointerException
	at question2.MyCollection.search(MyCollection.java:30)
	at question2.MyCollection.add(MyCollection.java:50)
	at testquestion2.Test_MyCollection.Test5_Remove_Functionality_If_Entry_Already_Present(Test_MyCollection.java:48)

Test7_Collection_Length_Functionality(testquestion2.Test_MyCollection)  Time elapsed: 0.01 sec  <<< FAILURE!
java.lang.NullPointerException
	at question2.MyCollection.search(MyCollection.java:30)
	at question2.MyCollection.add(MyCollection.java:50)
	at testquestion2.Test_MyCollection.Test7_Collection_Length_Functionality(Test_MyCollection.java:64)

Test8_Search_Functionality_If_Enrty_Exists(testquestion2.Test_MyCollection)  Time elapsed: 0 sec  <<< FAILURE!
java.lang.NullPointerException
	at question2.MyCollection.search(MyCollection.java:30)
	at question2.MyCollection.add(MyCollection.java:50)
	at testquestion2.Test_MyCollection.Test8_Search_Functionality_If_Enrty_Exists(Test_MyCollection.java:73)

Test9_Search_Functionality_If_Enrty_Not_Exists(testquestion2.Test_MyCollection)  Time elapsed: 0 sec  <<< FAILURE!
java.lang.NullPointerException
	at question2.MyCollection.search(MyCollection.java:30)
	at question2.MyCollection.add(MyCollection.java:50)
	at testquestion2.Test_MyCollection.Test9_Search_Functionality_If_Enrty_Not_Exists(Test_MyCollection.java:82)

